[debug] [2021-06-18T12:13:44.703Z] ----------------------------------------------------------------------
[debug] [2021-06-18T12:13:44.705Z] Command:       C:\Program Files\nodejs\node.exe C:\Users\DIKSHA SHUKLA\AppData\Roaming\npm\node_modules\firebase-tools\lib\bin\firebase.js deploy
[debug] [2021-06-18T12:13:44.705Z] CLI Version:   9.2.1
[debug] [2021-06-18T12:13:44.705Z] Platform:      win32
[debug] [2021-06-18T12:13:44.705Z] Node Version:  v12.18.4
[debug] [2021-06-18T12:13:44.706Z] Time:          Fri Jun 18 2021 17:43:44 GMT+0530 (India Standard Time)
[debug] [2021-06-18T12:13:44.706Z] ----------------------------------------------------------------------
[debug] [2021-06-18T12:13:44.707Z] 
[debug] [2021-06-18T12:13:44.714Z] > command requires scopes: ["email","openid","https://www.googleapis.com/auth/cloudplatformprojects.readonly","https://www.googleapis.com/auth/firebase","https://www.googleapis.com/auth/cloud-platform"]
[debug] [2021-06-18T12:13:44.715Z] > authorizing via signed-in user
[debug] [2021-06-18T12:13:44.715Z] [iam] checking project tasty-restaurant-a21e1 for permissions ["firebase.projects.get","firebasehosting.sites.update"]
[debug] [2021-06-18T12:13:44.718Z] > refreshing access token with scopes: ["email","https://www.googleapis.com/auth/cloud-platform","https://www.googleapis.com/auth/cloudplatformprojects.readonly","https://www.googleapis.com/auth/firebase","openid"]
[debug] [2021-06-18T12:13:44.718Z] >>> HTTP REQUEST POST https://www.googleapis.com/oauth2/v3/token  
 <request body omitted>
[debug] [2021-06-18T12:13:45.331Z] <<< HTTP RESPONSE 200 {"pragma":"no-cache","date":"Fri, 18 Jun 2021 12:13:45 GMT","cache-control":"no-cache, no-store, max-age=0, must-revalidate","expires":"Mon, 01 Jan 1990 00:00:00 GMT","content-type":"application/json; charset=utf-8","vary":"X-Origin, Referer, Origin,Accept-Encoding","server":"scaffolding on HTTPServer2","x-xss-protection":"0","x-frame-options":"SAMEORIGIN","x-content-type-options":"nosniff","alt-svc":"h3=\":443\"; ma=2592000,h3-29=\":443\"; ma=2592000,h3-T051=\":443\"; ma=2592000,h3-Q050=\":443\"; ma=2592000,h3-Q046=\":443\"; ma=2592000,h3-Q043=\":443\"; ma=2592000,quic=\":443\"; ma=2592000; v=\"46,43\"","accept-ranges":"none","transfer-encoding":"chunked"}
[debug] [2021-06-18T12:13:45.336Z] >>> HTTP REQUEST POST https://cloudresourcemanager.googleapis.com/v1/projects/tasty-restaurant-a21e1:testIamPermissions  
 {"permissions":["firebase.projects.get","firebasehosting.sites.update"]}
[debug] [2021-06-18T12:13:47.555Z] <<< HTTP RESPONSE 200 {"content-type":"application/json; charset=UTF-8","vary":"X-Origin, Referer, Origin,Accept-Encoding","date":"Fri, 18 Jun 2021 12:13:47 GMT","server":"ESF","cache-control":"private","x-xss-protection":"0","x-frame-options":"SAMEORIGIN","x-content-type-options":"nosniff","server-timing":"gfet4t7; dur=1336","alt-svc":"h3=\":443\"; ma=2592000,h3-29=\":443\"; ma=2592000,h3-T051=\":443\"; ma=2592000,h3-Q050=\":443\"; ma=2592000,h3-Q046=\":443\"; ma=2592000,h3-Q043=\":443\"; ma=2592000,quic=\":443\"; ma=2592000; v=\"46,43\"","accept-ranges":"none","transfer-encoding":"chunked"}
[debug] [2021-06-18T12:13:47.557Z] > refreshing access token with scopes: []
[debug] [2021-06-18T12:13:47.557Z] >>> HTTP REQUEST POST https://www.googleapis.com/oauth2/v3/token  
 <request body omitted>
[debug] [2021-06-18T12:13:48.083Z] <<< HTTP RESPONSE 200 {"date":"Fri, 18 Jun 2021 12:13:48 GMT","pragma":"no-cache","expires":"Mon, 01 Jan 1990 00:00:00 GMT","cache-control":"no-cache, no-store, max-age=0, must-revalidate","content-type":"application/json; charset=utf-8","vary":"X-Origin, Referer, Origin,Accept-Encoding","server":"scaffolding on HTTPServer2","x-xss-protection":"0","x-frame-options":"SAMEORIGIN","x-content-type-options":"nosniff","alt-svc":"h3=\":443\"; ma=2592000,h3-29=\":443\"; ma=2592000,h3-T051=\":443\"; ma=2592000,h3-Q050=\":443\"; ma=2592000,h3-Q046=\":443\"; ma=2592000,h3-Q043=\":443\"; ma=2592000,quic=\":443\"; ma=2592000; v=\"46,43\"","accept-ranges":"none","transfer-encoding":"chunked"}
[debug] [2021-06-18T12:13:48.089Z] >>> [apiv2][query] GET https://firebase.googleapis.com/v1beta1/projects/tasty-restaurant-a21e1 [none]
[debug] [2021-06-18T12:13:48.839Z] <<< [apiv2][status] GET https://firebase.googleapis.com/v1beta1/projects/tasty-restaurant-a21e1 200
[debug] [2021-06-18T12:13:48.840Z] <<< [apiv2][body] GET https://firebase.googleapis.com/v1beta1/projects/tasty-restaurant-a21e1 {"projectId":"tasty-restaurant-a21e1","projectNumber":"991281719258","displayName":"Tasty Restaurant","name":"projects/tasty-restaurant-a21e1","resources":{"hostingSite":"tasty-restaurant-a21e1"},"state":"ACTIVE"}
[info] 
[info] === Deploying to 'tasty-restaurant-a21e1'...
[info] 
[info] i  deploying hosting 
[debug] [2021-06-18T12:13:48.844Z] > refreshing access token with scopes: ["email","https://www.googleapis.com/auth/cloud-platform","https://www.googleapis.com/auth/cloudplatformprojects.readonly","https://www.googleapis.com/auth/firebase","openid"]
[debug] [2021-06-18T12:13:48.844Z] >>> HTTP REQUEST POST https://www.googleapis.com/oauth2/v3/token  
 <request body omitted>
[debug] [2021-06-18T12:13:49.358Z] <<< HTTP RESPONSE 200 {"cache-control":"no-cache, no-store, max-age=0, must-revalidate","date":"Fri, 18 Jun 2021 12:13:49 GMT","expires":"Mon, 01 Jan 1990 00:00:00 GMT","pragma":"no-cache","content-type":"application/json; charset=utf-8","vary":"X-Origin, Referer, Origin,Accept-Encoding","server":"scaffolding on HTTPServer2","x-xss-protection":"0","x-frame-options":"SAMEORIGIN","x-content-type-options":"nosniff","alt-svc":"h3=\":443\"; ma=2592000,h3-29=\":443\"; ma=2592000,h3-T051=\":443\"; ma=2592000,h3-Q050=\":443\"; ma=2592000,h3-Q046=\":443\"; ma=2592000,h3-Q043=\":443\"; ma=2592000,quic=\":443\"; ma=2592000; v=\"46,43\"","accept-ranges":"none","transfer-encoding":"chunked"}
[debug] [2021-06-18T12:13:49.361Z] >>> HTTP REQUEST POST https://firebasehosting.googleapis.com/v1beta1/sites/tasty-restaurant-a21e1/versions  
 {"config":{},"labels":{"deployment-tool":"cli-firebase"}}
[debug] [2021-06-18T12:13:51.713Z] <<< HTTP RESPONSE 200 {"content-type":"application/json; charset=UTF-8","vary":"X-Origin, Referer, Origin,Accept-Encoding","date":"Fri, 18 Jun 2021 12:13:51 GMT","server":"ESF","cache-control":"private","x-xss-protection":"0","x-frame-options":"SAMEORIGIN","x-content-type-options":"nosniff","alt-svc":"h3=\":443\"; ma=2592000,h3-29=\":443\"; ma=2592000,h3-T051=\":443\"; ma=2592000,h3-Q050=\":443\"; ma=2592000,h3-Q046=\":443\"; ma=2592000,h3-Q043=\":443\"; ma=2592000,quic=\":443\"; ma=2592000; v=\"46,43\"","accept-ranges":"none","transfer-encoding":"chunked"}
[info] i  hosting[tasty-restaurant-a21e1]: beginning deploy... 
[info] i  hosting[tasty-restaurant-a21e1]: found 17 files in public 
[debug] [2021-06-18T12:13:51.729Z] > refreshing access token with scopes: []
[debug] [2021-06-18T12:13:51.729Z] >>> HTTP REQUEST POST https://www.googleapis.com/oauth2/v3/token  
 <request body omitted>
[debug] [2021-06-18T12:13:51.730Z] [hosting] hash cache [cHVibGlj] stored for 17 files
[debug] [2021-06-18T12:13:51.731Z] [hosting][hash queue][FINAL] {"max":2,"min":0,"avg":0,"active":0,"complete":17,"success":17,"errored":0,"retried":0,"total":17,"elapsed":5}
[debug] [2021-06-18T12:13:52.258Z] <<< HTTP RESPONSE 200 {"cache-control":"no-cache, no-store, max-age=0, must-revalidate","expires":"Mon, 01 Jan 1990 00:00:00 GMT","date":"Fri, 18 Jun 2021 12:13:52 GMT","pragma":"no-cache","content-type":"application/json; charset=utf-8","vary":"X-Origin, Referer, Origin,Accept-Encoding","server":"scaffolding on HTTPServer2","x-xss-protection":"0","x-frame-options":"SAMEORIGIN","x-content-type-options":"nosniff","alt-svc":"h3=\":443\"; ma=2592000,h3-29=\":443\"; ma=2592000,h3-T051=\":443\"; ma=2592000,h3-Q050=\":443\"; ma=2592000,h3-Q046=\":443\"; ma=2592000,h3-Q043=\":443\"; ma=2592000,quic=\":443\"; ma=2592000; v=\"46,43\"","accept-ranges":"none","transfer-encoding":"chunked"}
[debug] [2021-06-18T12:13:52.262Z] >>> [apiv2][query] POST https://firebasehosting.googleapis.com/v1beta1/sites/tasty-restaurant-a21e1/versions/2dea75d6542f28e3:populateFiles [none]
[debug] [2021-06-18T12:13:52.262Z] >>> [apiv2][body] POST https://firebasehosting.googleapis.com/v1beta1/sites/tasty-restaurant-a21e1/versions/2dea75d6542f28e3:populateFiles {"files":{"/404.html":"daa499dd96d8229e73235345702ba32f0793f0c8e5c0d30e40e37a5872be57aa","/index.html":"77e6f2155d1f237b4720b94aa8245ee6a92b8829109083c00c3612e83bd72163","/main.js":"135bb142fbe6d5e1c58676558f839aff8f83931e5ad907f5a3936178008062ad","/style.css":"b1db5723ca4eae55e4f67bcb19dd24835b9eb640d5d24b907a52075aaee4dde2","/images/127.0.0.1_5500_index.html(iPhone 6_7_8).png":"7b0c10576c51e9f22198fd96de4501739598e2f6e5d16bce83a1054eabef8cb0","/images/18395208121586787144.svg":"a754a91fdb54f70f9f2b8bc459c8dc5d23ff6bed2821e98c1f1ac78a90f16277","/images/app1.png":"f830c74b20e7e68d1eb5a7b8218f9b4c7b6b477fcd8f423ca61c1f3ca92b9127","/images/app2.png":"9b431b93b25e9453b2eb4b6b94a066c98ddd743f77795d31978600981819883a","/images/dish.png":"e966de7fefa3b5a025f1fa6b0b47905a026c7c67dfd78c509f958d4bf2f4e93b","/images/dish.svg":"8638034324ec2869c182215dbf1899f1525dc977d099bdc2ced0f16fb3fffd68","/images/kisspng-italian-cuisine-pizza-pasta-food-plate-healthy-food-5abb864701e2b7.3892346415222390470077.png":"778586493b04a32bd176fafd17fbc4e4ac2d5b3f38bf6b69655c3383dd985167","/images/kisspng-lo-mein-chow-mein-pad-thai-chinese-noodles-fried-n-pad-thai-boko-5b648a8c310123.5947702915333157242007.png":"a73181d8cf545ec6e2d3eceb7b59f7a2c37c3feb460c50057d40b6bb603c5b84","/images/kisspng-pizza-calzone-european-cuisine-italian-cuisine-pep-pizza-5a6a499f2df7b7.3223729015169151031883.png":"4e1c6ab7eb0038bd797d2969bf4fb92883611a674f1b4a156e79ba1da68a44ed","/images/pizza.svg":"9adcb0693f1a6a4c254626e1d16a4b1df9e736cceb6cf3ff26179e975c3828dc","/images/spaghetti-1932466_640.jpg":"dcd23e929bcccf55af9d7f4ff7cc9eb0727c5995109cf5e0d1d11bc6b345545e","/images/transparent-pasta-salad-spaghetti-italian-cuisine-chinese-nood-5f373ad927da15.6107444615974550651632.png":"676eadbece56cbead5f1e4389b7b6eed489ae828fdaf4f6280fbba002162542c","/images/truck.svg":"b17dd1313d78e8f70ba75636d1a1ba7a695ff33844dfb2dedae4c43023390b2f"}}
[debug] [2021-06-18T12:13:54.596Z] <<< [apiv2][status] POST https://firebasehosting.googleapis.com/v1beta1/sites/tasty-restaurant-a21e1/versions/2dea75d6542f28e3:populateFiles 200
[debug] [2021-06-18T12:13:54.596Z] <<< [apiv2][body] POST https://firebasehosting.googleapis.com/v1beta1/sites/tasty-restaurant-a21e1/versions/2dea75d6542f28e3:populateFiles {"uploadRequiredHashes":["676eadbece56cbead5f1e4389b7b6eed489ae828fdaf4f6280fbba002162542c","4e1c6ab7eb0038bd797d2969bf4fb92883611a674f1b4a156e79ba1da68a44ed"],"uploadUrl":"https://upload-firebasehosting.googleapis.com/upload/sites/tasty-restaurant-a21e1/versions/2dea75d6542f28e3/files"}
[debug] [2021-06-18T12:13:54.598Z] >>> [apiv2][query] POST https://upload-firebasehosting.googleapis.com/upload/sites/tasty-restaurant-a21e1/versions/2dea75d6542f28e3/files/676eadbece56cbead5f1e4389b7b6eed489ae828fdaf4f6280fbba002162542c [none]
[debug] [2021-06-18T12:13:54.598Z] >>> [apiv2][body] POST https://upload-firebasehosting.googleapis.com/upload/sites/tasty-restaurant-a21e1/versions/2dea75d6542f28e3/files/676eadbece56cbead5f1e4389b7b6eed489ae828fdaf4f6280fbba002162542c [stream]
[debug] [2021-06-18T12:13:54.599Z] >>> [apiv2][query] POST https://upload-firebasehosting.googleapis.com/upload/sites/tasty-restaurant-a21e1/versions/2dea75d6542f28e3/files/4e1c6ab7eb0038bd797d2969bf4fb92883611a674f1b4a156e79ba1da68a44ed [none]
[debug] [2021-06-18T12:13:54.599Z] >>> [apiv2][body] POST https://upload-firebasehosting.googleapis.com/upload/sites/tasty-restaurant-a21e1/versions/2dea75d6542f28e3/files/4e1c6ab7eb0038bd797d2969bf4fb92883611a674f1b4a156e79ba1da68a44ed [stream]
[debug] [2021-06-18T12:13:54.600Z] [hosting][populate queue][FINAL] {"max":2869,"min":2869,"avg":2869,"active":0,"complete":1,"success":1,"errored":0,"retried":0,"total":1,"elapsed":2871}
[debug] [2021-06-18T12:13:54.600Z] [hosting] uploads queued: 2
[debug] [2021-06-18T12:14:25.024Z] [uploadQueue] Retrying task 676eadbece56cbead5f1e4389b7b6eed489ae828fdaf4f6280fbba002162542c
[debug] [2021-06-18T12:14:25.024Z] >>> [apiv2][query] POST https://upload-firebasehosting.googleapis.com/upload/sites/tasty-restaurant-a21e1/versions/2dea75d6542f28e3/files/676eadbece56cbead5f1e4389b7b6eed489ae828fdaf4f6280fbba002162542c [none]
[debug] [2021-06-18T12:14:25.024Z] >>> [apiv2][body] POST https://upload-firebasehosting.googleapis.com/upload/sites/tasty-restaurant-a21e1/versions/2dea75d6542f28e3/files/676eadbece56cbead5f1e4389b7b6eed489ae828fdaf4f6280fbba002162542c [stream]
[debug] [2021-06-18T12:14:55.135Z] [uploadQueue] Retrying task 4e1c6ab7eb0038bd797d2969bf4fb92883611a674f1b4a156e79ba1da68a44ed
[debug] [2021-06-18T12:14:55.137Z] >>> [apiv2][query] POST https://upload-firebasehosting.googleapis.com/upload/sites/tasty-restaurant-a21e1/versions/2dea75d6542f28e3/files/4e1c6ab7eb0038bd797d2969bf4fb92883611a674f1b4a156e79ba1da68a44ed [none]
[debug] [2021-06-18T12:14:55.137Z] >>> [apiv2][body] POST https://upload-firebasehosting.googleapis.com/upload/sites/tasty-restaurant-a21e1/versions/2dea75d6542f28e3/files/4e1c6ab7eb0038bd797d2969bf4fb92883611a674f1b4a156e79ba1da68a44ed [stream]
[debug] [2021-06-18T12:14:55.859Z] [uploadQueue] Retrying task 676eadbece56cbead5f1e4389b7b6eed489ae828fdaf4f6280fbba002162542c
[debug] [2021-06-18T12:14:55.860Z] >>> [apiv2][query] POST https://upload-firebasehosting.googleapis.com/upload/sites/tasty-restaurant-a21e1/versions/2dea75d6542f28e3/files/676eadbece56cbead5f1e4389b7b6eed489ae828fdaf4f6280fbba002162542c [none]
[debug] [2021-06-18T12:14:55.860Z] >>> [apiv2][body] POST https://upload-firebasehosting.googleapis.com/upload/sites/tasty-restaurant-a21e1/versions/2dea75d6542f28e3/files/676eadbece56cbead5f1e4389b7b6eed489ae828fdaf4f6280fbba002162542c [stream]
[debug] [2021-06-18T12:15:27.484Z] [uploadQueue] Retrying task 676eadbece56cbead5f1e4389b7b6eed489ae828fdaf4f6280fbba002162542c
[debug] [2021-06-18T12:15:27.486Z] >>> [apiv2][query] POST https://upload-firebasehosting.googleapis.com/upload/sites/tasty-restaurant-a21e1/versions/2dea75d6542f28e3/files/676eadbece56cbead5f1e4389b7b6eed489ae828fdaf4f6280fbba002162542c [none]
[debug] [2021-06-18T12:15:27.486Z] >>> [apiv2][body] POST https://upload-firebasehosting.googleapis.com/upload/sites/tasty-restaurant-a21e1/versions/2dea75d6542f28e3/files/676eadbece56cbead5f1e4389b7b6eed489ae828fdaf4f6280fbba002162542c [stream]
[debug] [2021-06-18T12:15:56.056Z] [uploadQueue] Retrying task 4e1c6ab7eb0038bd797d2969bf4fb92883611a674f1b4a156e79ba1da68a44ed
[debug] [2021-06-18T12:15:56.057Z] >>> [apiv2][query] POST https://upload-firebasehosting.googleapis.com/upload/sites/tasty-restaurant-a21e1/versions/2dea75d6542f28e3/files/4e1c6ab7eb0038bd797d2969bf4fb92883611a674f1b4a156e79ba1da68a44ed [none]
[debug] [2021-06-18T12:15:56.057Z] >>> [apiv2][body] POST https://upload-firebasehosting.googleapis.com/upload/sites/tasty-restaurant-a21e1/versions/2dea75d6542f28e3/files/4e1c6ab7eb0038bd797d2969bf4fb92883611a674f1b4a156e79ba1da68a44ed [stream]
[debug] [2021-06-18T12:16:00.697Z] [uploadQueue] Retrying task 676eadbece56cbead5f1e4389b7b6eed489ae828fdaf4f6280fbba002162542c
[debug] [2021-06-18T12:16:00.698Z] >>> [apiv2][query] POST https://upload-firebasehosting.googleapis.com/upload/sites/tasty-restaurant-a21e1/versions/2dea75d6542f28e3/files/676eadbece56cbead5f1e4389b7b6eed489ae828fdaf4f6280fbba002162542c [none]
[debug] [2021-06-18T12:16:00.698Z] >>> [apiv2][body] POST https://upload-firebasehosting.googleapis.com/upload/sites/tasty-restaurant-a21e1/versions/2dea75d6542f28e3/files/676eadbece56cbead5f1e4389b7b6eed489ae828fdaf4f6280fbba002162542c [stream]
[debug] [2021-06-18T12:16:37.112Z] [uploadQueue] Retrying task 676eadbece56cbead5f1e4389b7b6eed489ae828fdaf4f6280fbba002162542c
[debug] [2021-06-18T12:16:37.114Z] >>> [apiv2][query] POST https://upload-firebasehosting.googleapis.com/upload/sites/tasty-restaurant-a21e1/versions/2dea75d6542f28e3/files/676eadbece56cbead5f1e4389b7b6eed489ae828fdaf4f6280fbba002162542c [none]
[debug] [2021-06-18T12:16:37.114Z] >>> [apiv2][body] POST https://upload-firebasehosting.googleapis.com/upload/sites/tasty-restaurant-a21e1/versions/2dea75d6542f28e3/files/676eadbece56cbead5f1e4389b7b6eed489ae828fdaf4f6280fbba002162542c [stream]
[debug] [2021-06-18T12:16:39.340Z] ----------------------------------------------------------------------
[debug] [2021-06-18T12:16:39.342Z] Command:       C:\Program Files\nodejs\node.exe C:\Users\DIKSHA SHUKLA\AppData\Roaming\npm\node_modules\firebase-tools\lib\bin\firebase.js deploy
[debug] [2021-06-18T12:16:39.342Z] CLI Version:   9.2.1
[debug] [2021-06-18T12:16:39.342Z] Platform:      win32
[debug] [2021-06-18T12:16:39.342Z] Node Version:  v12.18.4
[debug] [2021-06-18T12:16:39.343Z] Time:          Fri Jun 18 2021 17:46:39 GMT+0530 (India Standard Time)
[debug] [2021-06-18T12:16:39.343Z] ----------------------------------------------------------------------
[debug] [2021-06-18T12:16:39.344Z] 
[debug] [2021-06-18T12:16:39.350Z] > command requires scopes: ["email","openid","https://www.googleapis.com/auth/cloudplatformprojects.readonly","https://www.googleapis.com/auth/firebase","https://www.googleapis.com/auth/cloud-platform"]
[debug] [2021-06-18T12:16:39.351Z] > authorizing via signed-in user
[debug] [2021-06-18T12:16:39.351Z] [iam] checking project tasty-restaurant-a21e1 for permissions ["firebase.projects.get","firebasehosting.sites.update"]
[debug] [2021-06-18T12:16:39.353Z] > refreshing access token with scopes: ["email","https://www.googleapis.com/auth/cloud-platform","https://www.googleapis.com/auth/cloudplatformprojects.readonly","https://www.googleapis.com/auth/firebase","openid"]
[debug] [2021-06-18T12:16:39.353Z] >>> HTTP REQUEST POST https://www.googleapis.com/oauth2/v3/token  
 <request body omitted>
[debug] [2021-06-18T12:16:43.592Z] <<< HTTP RESPONSE 200 {"expires":"Mon, 01 Jan 1990 00:00:00 GMT","date":"Fri, 18 Jun 2021 12:16:43 GMT","cache-control":"no-cache, no-store, max-age=0, must-revalidate","pragma":"no-cache","content-type":"application/json; charset=utf-8","vary":"X-Origin, Referer, Origin,Accept-Encoding","server":"scaffolding on HTTPServer2","x-xss-protection":"0","x-frame-options":"SAMEORIGIN","x-content-type-options":"nosniff","alt-svc":"h3=\":443\"; ma=2592000,h3-29=\":443\"; ma=2592000,h3-T051=\":443\"; ma=2592000,h3-Q050=\":443\"; ma=2592000,h3-Q046=\":443\"; ma=2592000,h3-Q043=\":443\"; ma=2592000,quic=\":443\"; ma=2592000; v=\"46,43\"","accept-ranges":"none","transfer-encoding":"chunked"}
[debug] [2021-06-18T12:16:43.602Z] >>> HTTP REQUEST POST https://cloudresourcemanager.googleapis.com/v1/projects/tasty-restaurant-a21e1:testIamPermissions  
 {"permissions":["firebase.projects.get","firebasehosting.sites.update"]}
[debug] [2021-06-18T12:16:49.393Z] <<< HTTP RESPONSE 200 {"content-type":"application/json; charset=UTF-8","vary":"X-Origin, Referer, Origin,Accept-Encoding","date":"Fri, 18 Jun 2021 12:16:49 GMT","server":"ESF","cache-control":"private","x-xss-protection":"0","x-frame-options":"SAMEORIGIN","x-content-type-options":"nosniff","server-timing":"gfet4t7; dur=1313","alt-svc":"h3=\":443\"; ma=2592000,h3-29=\":443\"; ma=2592000,h3-T051=\":443\"; ma=2592000,h3-Q050=\":443\"; ma=2592000,h3-Q046=\":443\"; ma=2592000,h3-Q043=\":443\"; ma=2592000,quic=\":443\"; ma=2592000; v=\"46,43\"","accept-ranges":"none","transfer-encoding":"chunked"}
[debug] [2021-06-18T12:16:49.397Z] > refreshing access token with scopes: []
[debug] [2021-06-18T12:16:49.397Z] >>> HTTP REQUEST POST https://www.googleapis.com/oauth2/v3/token  
 <request body omitted>
[debug] [2021-06-18T12:16:52.557Z] <<< HTTP RESPONSE 200 {"expires":"Mon, 01 Jan 1990 00:00:00 GMT","date":"Fri, 18 Jun 2021 12:16:52 GMT","pragma":"no-cache","cache-control":"no-cache, no-store, max-age=0, must-revalidate","content-type":"application/json; charset=utf-8","vary":"X-Origin, Referer, Origin,Accept-Encoding","server":"scaffolding on HTTPServer2","x-xss-protection":"0","x-frame-options":"SAMEORIGIN","x-content-type-options":"nosniff","alt-svc":"h3=\":443\"; ma=2592000,h3-29=\":443\"; ma=2592000,h3-T051=\":443\"; ma=2592000,h3-Q050=\":443\"; ma=2592000,h3-Q046=\":443\"; ma=2592000,h3-Q043=\":443\"; ma=2592000,quic=\":443\"; ma=2592000; v=\"46,43\"","accept-ranges":"none","transfer-encoding":"chunked"}
[debug] [2021-06-18T12:16:52.575Z] >>> [apiv2][query] GET https://firebase.googleapis.com/v1beta1/projects/tasty-restaurant-a21e1 [none]
[debug] [2021-06-18T12:16:57.479Z] <<< [apiv2][status] GET https://firebase.googleapis.com/v1beta1/projects/tasty-restaurant-a21e1 200
[debug] [2021-06-18T12:16:57.479Z] <<< [apiv2][body] GET https://firebase.googleapis.com/v1beta1/projects/tasty-restaurant-a21e1 {"projectId":"tasty-restaurant-a21e1","projectNumber":"991281719258","displayName":"Tasty Restaurant","name":"projects/tasty-restaurant-a21e1","resources":{"hostingSite":"tasty-restaurant-a21e1"},"state":"ACTIVE"}
[info] 
[info] === Deploying to 'tasty-restaurant-a21e1'...
[info] 
[info] i  deploying hosting 
[debug] [2021-06-18T12:16:57.487Z] > refreshing access token with scopes: ["email","https://www.googleapis.com/auth/cloud-platform","https://www.googleapis.com/auth/cloudplatformprojects.readonly","https://www.googleapis.com/auth/firebase","openid"]
[debug] [2021-06-18T12:16:57.487Z] >>> HTTP REQUEST POST https://www.googleapis.com/oauth2/v3/token  
 <request body omitted>
[debug] [2021-06-18T12:17:00.291Z] <<< HTTP RESPONSE 200 {"cache-control":"no-cache, no-store, max-age=0, must-revalidate","pragma":"no-cache","expires":"Mon, 01 Jan 1990 00:00:00 GMT","date":"Fri, 18 Jun 2021 12:17:00 GMT","content-type":"application/json; charset=utf-8","vary":"X-Origin, Referer, Origin,Accept-Encoding","server":"scaffolding on HTTPServer2","x-xss-protection":"0","x-frame-options":"SAMEORIGIN","x-content-type-options":"nosniff","alt-svc":"h3=\":443\"; ma=2592000,h3-29=\":443\"; ma=2592000,h3-T051=\":443\"; ma=2592000,h3-Q050=\":443\"; ma=2592000,h3-Q046=\":443\"; ma=2592000,h3-Q043=\":443\"; ma=2592000,quic=\":443\"; ma=2592000; v=\"46,43\"","accept-ranges":"none","transfer-encoding":"chunked"}
[debug] [2021-06-18T12:17:00.301Z] >>> HTTP REQUEST POST https://firebasehosting.googleapis.com/v1beta1/sites/tasty-restaurant-a21e1/versions  
 {"config":{},"labels":{"deployment-tool":"cli-firebase"}}
